mdt/BIL/1/1 2 3 5 7
mdt/BIL/1/4
mdt/BIL/-1/1 2 3 5
mdt/BIL/-1/4
mdt/BIL/-1/7
mdt/BIL/-2 2/1 2 3 4 5 7
mdt/BIL/-3 3/1 2 4 5 7
mdt/BIL/-3 3/3
mdt/BIL/-4 4/1 2 3 4 5
mdt/BIL/-4 4/7
mdt/BIL/-5 5/1 2 3 4 5 7
mdt/BIL/-6 6/1 2 3 5
mdt/BIL/-6 6/4 7
mdt/BIM/-1 1/6 8
mdt/BIM/-2 2/6 8
mdt/BIM/-3 3/6 8
mdt/BIM/-4 4/6 8
mdt/BIM/-5 5/6 8
mdt/BIR/-1 1/6 8
mdt/BIR/-1 1/6 8
mdt/BIR/-2 2/6 8
mdt/BIR/-2 2/6 8
mdt/BIR/-3 3/6 8
mdt/BIR/-4 4/6 8
mdt/BIR/-4 4/6 8
mdt/BIR/-5 5/6 8
mdt/BIR/-5 5/6 8
mdt/BIR/-6 6/6 8
mdt/BIS/-1 1/1 2 3 4 5 6 7 8
mdt/BIS/-2 2/1 2 3 4 5 6 7 8
mdt/BIS/-3 3/1 2 3 4 5 6 7 8
mdt/BIS/-4 4/1 2 3 4 5 6 7 8
mdt/BIS/-5 5/1 2 3 4 5 6 7 8
mdt/BIS/-6 6/1 2 3 4 5 6 7 8
mdt/BIS/-7 7/4 5 6 7 8
mdt/BIS/-7 7/1 2 3
mdt/BIS/-8 8/1 2 3 4 5 6 7 8
mdt/BEE/-1 1/1 2 3 4 5 6 7 8
mdt/BEE/-2 2/1 2 3 4 5 6 7 8
mdt/BML/-1/1
mdt/BML/-1/2
mdt/BML/-1/5
mdt/BML/-1/7
mdt/BML/1/1 2
mdt/BML/1/3 7
mdt/BML/-1/3
mdt/BML/-1 1/6 8
mdt/BML/1/4 5
mdt/BML/-1/4
mdt/BML/-3 -2 2 3/1 2 3 4 5 6 7 8
mdt/BML/-4 4/1 2 3 4 5 6 7 8
mdt/BML/-5 5/1 2 3 4 5 6 8
mdt/BML/-5 5/7
mdt/BML/-6 6/1 2 3 4 5 6 8
mdt/BML/-6 6/7
mdt/BMS/-1 1/1 2 3 4 5 8
mdt/BMS/-2 2/1 2 3 4 5 8
mdt/BMS/-3 3/1 2 3 4 5 8
mdt/BMS/-4 4/1 2 3 4 5 8
mdt/BMS/-4 4/1 2 3 4 5 8
mdt/BMS/-5 5/1 2 3 4 5 8
mdt/BMS/-6 6/1 2 3 4 5 8
mdt/BMS/-6 6/1 2 3 4 5 8
mdt/BMF/-1 1/6 7
mdt/BMF/-2 2/6 7
mdt/BMF/-3 3/6 7
mdt/BOL/1/1 2
mdt/BOL/1/3
mdt/BOL/1/4 5
mdt/BOL/-1/4
mdt/BOL/1/6 7 8
mdt/BOL/-1/6 8
mdt/BOL/-1/1 2 3
mdt/BOL/-1/5
mdt/BOL/-1/7
mdt/BOL/2/1 2 3 4 5 6 8
mdt/BOL/-2/1 2 4 5 6 8
mdt/BOL/-2 2/7
mdt/BOL/-2/3
mdt/BOL/-3 3/1 2 3 4 5 6 8
mdt/BOL/-3 3/7
mdt/BOL/-4 4/1 2 3 4 5 6 7 8
mdt/BOL/-5 5/1 2 3 4 5 6 7 8
mdt/BOL/-6 6/1 2 3 4 5 6 7 8
mdt/BOS/-1 1/1 2 3 5 8
mdt/BOS/-1 1/4
mdt/BOS/-2 2/1 2 3 4 5 8
mdt/BOS/-3 3/1 2 3 4 5 8
mdt/BOS/-4 4/1 2 3 4 5 8
mdt/BOS/-5 5/1 2 3 4 5 8
mdt/BOS/-6 6/1 2 3 4 5 8
mdt/BOF/-1 1/6 7
mdt/BOF/-2 2/6 7
mdt/BOF/-3 3/6 7
mdt/BOF/-4 4/6 7
mdt/BOG/0/6 7
mdt/BOG/-1 1/6 7
mdt/BOG/-2 2/6 7
mdt/BOG/-3 3/6 7
mdt/BOG/-4 4/6 7
mdt/EIL/-1 1/1 2 3 4 5 6 7 8
mdt/EIL/-2 2/1 2 3 4 5 6 7 8
mdt/EIL/-3 3/1 2 3 4 5 6 7 8
mdt/EIL/-4 4/1 5
mdt/EIL/-4 4/2 3 4 7
mdt/EIL/-4 4/6 8
mdt/EIL/-5 5/1 5
mdt/EIS/-1 1/1 2 3 4 5 6 7 8
mdt/EIS/-2 2/1 2 3 4 5 6 7 8
mdt/EEL/-1 1/1 2 4 5 6 7 8
mdt/EEL/-2 2/1 2 4 5 6 7 8
mdt/EEL/-1 1/3
mdt/EES/-1 1/1 2 3 4 5 6 7 8
mdt/EES/-2 2/1 2 3 4 5 6 7 8
mdt/EML/-1 1/1 2 3 4 5 6 7 8
mdt/EML/-2 2/1 2 3 4 5 6 7 8
mdt/EML/-3 3/1 2 3 4 5 6 7 8
mdt/EML/-4 4/1 2 3 4 5 6 7 8
mdt/EML/-5 5/1 2 3 4 5 6 7 8
mdt/EMS/-1 1/1 2 3 4 5 6 7 8
mdt/EMS/-2 2/1 2 3 4 5 6 7 8
mdt/EMS/-3 3/1 2 3 4 5 6 7 8
mdt/EMS/-4 4/1 2 3 4 5 6 7 8
mdt/EMS/-5 5/1 2 3 4 5 6 7 8
mdt/EOL/-1 1/1 2 3 4 5 6 7 8
mdt/EOL/-2 2/1 2 3 4 5 6 7 8
mdt/EOL/-3 3/1 2 3 4 5 6 7 8
mdt/EOL/-4 4/1 2 3 4 5 6 7 8
mdt/EOL/-5 5/1 2 3 4 5 6 7 8
mdt/EOL/-6 6/1 2 3 4 5 6 7 8
mdt/EOS/-1 1/1 2 3 4 5 6 7 8
mdt/EOS/-2 2/1 2 3 4 5 6 7 8
mdt/EOS/-3 3/1 2 3 4 5 6 7 8
mdt/EOS/-4 4/1 2 3 4 5 6 7 8
mdt/EOS/-5 5/1 2 3 4 5 6 7 8
mdt/EOS/-6 6/1 2 3 4 5 6 7 8
mdt/BME/-1 1/7
mdt/BOL/-7 7/7
mdt/BMG/-1 1/6 7
mdt/BMG/-2 2/6 7
mdt/BMG/-3 3/6 7
csc/CSS/-1/1 2 3 4 5 6 7 8
csc/CSS/1/1 2 3 4 5 6 7 8
csc/CSS/-1/1 2 3 4 5 6 7 8
csc/CSS/1/1 2 3 4 5 6 7 8
csc/CSL/-1/1 2 3 4 5 6 7 8
csc/CSL/1/1 2 3 4 5 6 7 8
csc/CSL/-1/1 2 3 4 5 6 7 8
csc/CSL/1/1 2 3 4 5 6 7 8
rpc/BML/1/1 2
rpc/BML/-1/1
rpc/BML/-1/2
rpc/BML/1/3 7
rpc/BML/-1/3
rpc/BML/-1/7
rpc/BML/1/4 5
rpc/BML/-1/4
rpc/BML/-1/5
rpc/BML/-1 1/6 8
rpc/BML/-2 2/1 2 3 4 5 6 7 8
rpc/BML/-3 3/1 2 3 4 5 6 7 8
rpc/BML/-4 4/1 2 3 4 5 6 8
rpc/BML/-4 4/7
rpc/BML/-5 5/1 2 3 4 5 6 8
rpc/BML/-5 5/7
rpc/BML/-6 6/1 2 3 4 5 6 8
rpc/BML/-6 6/7
rpc/BML/-7 7/1 2 3 4 5 6 8
rpc/BMS/-1 1/1 2 3 4 5 8
rpc/BMS/-2 2/1 2 3 4 5 8
rpc/BMS/-3 3/1 2 3 4 5 8
rpc/BMS/-4 4/1 2 3 4 5 8
rpc/BMS/-4 4/1 2 3 4 5 8
rpc/BMS/-5 5/1 2 3 4 5 8
rpc/BMS/-6 6/1 2 3 4 5 8
rpc/BOL/1/1 2 3 4 5 6 7 8
rpc/BOL/-1/1 2 3 4 5 6 7 8
rpc/BOL/-2 2/1 2 3 4 5 6 7 8
rpc/BOL/-3 3/1 2 3 4 5 6 7 8
rpc/BOL/-4 4/1 2 3 4 5 6 7 8
rpc/BOL/-5 5/1 2 3 4 5 6 7 8
rpc/BOL/-6 6/1 2 3 4 5 6 7 8
rpc/BOS/-1 1/1 2 3 4 5 8
rpc/BOS/-2 2/1 2 3 4 5 8
rpc/BOS/-3 3/1 2 3 4 5 8
rpc/BOS/-4 4/1 2 3 4 5 8
rpc/BOS/-5 5/1 2 3 4 5 8
rpc/BOS/-6 6/1 2 3 4 5 8
rpc/BMF/-1 1/6 7
rpc/BMF/-2 2/6 7
rpc/BMF/-3 3/6 7
rpc/BMF/-3 3/6 7
rpc/BOF/-1 1/6 7
rpc/BOF/-2 2/6 7
rpc/BOF/-3 3/6 7
rpc/BOF/-4 4/6 7
rpc/BOG/0/6 7
rpc/BOG/-1 1/6 7
rpc/BOG/-2 2/6 7
rpc/BOG/-3 3/6 7
rpc/BOG/-4 4/6 7
rpc/BME/-1 1/7
rpc/BOL/-8 8/7
rpc/BOG/-8 -7 7 8/6 7
tgc/T1F/-1 1/1 2 3 4 5 6 7 8 9 10 11 12 13 14 15 16 17 18 19 20 21 22 23 24
tgc/T1F/-1 1/1 2 3 4 5 6 7 8 9 10 11 12 13 14 15 16 17 18 19 20 21 22 23 24
tgc/T1E/-1 1/1 2 3 4 5 6 7 8 9 10 11 12 13 14 15 16 17 18 19 20 21 22 23 24 25 26 27 28 29 30 31 32 33 34 35 36 37 38 39 40 41 42 43 44 45 46 47 48
tgc/T1E/-2 2/1 2 3 4 5 6 7 8 9 10 11 12 13 14 15 16 17 18 19 20 21 22 23 24 25 26 27 28 29 30 31 32 33 34 35 36 37 38 39 40 41 42 43 44 45 46 47 48
tgc/T1E/-3 3/1 2 3 4 5 6 7 8 9 10 11 12 13 14 15 16 17 18 19 20 21 22 23 24 25 26 27 28 29 30 31 32 33 34 35 36 37 38 39 40 41 42 43 44 45 46 47 48
tgc/T1E/-4 4/1 2 3 4 5 6 7 8 9 10 11 12 13 14 15 16 17 18 19 20 21 22 23 24 25 26 27 28 29 30 31 32 33 34 35 36 37 38 39 40 41 42 43 44 45 46 47 48
tgc/T1E/-1 1/1 2 3 4 5 6 7 8 9 10 11 12 13 14 15 16 17 18 19 20 21 22 23 24 25 26 27 28 29 30 31 32 33 34 35 36 37 38 39 40 41 42 43 44 45 46 47 48
tgc/T1E/-2 2/1 2 3 4 5 6 7 8 9 10 11 12 13 14 15 16 17 18 19 20 21 22 23 24 25 26 27 28 29 30 31 32 33 34 35 36 37 38 39 40 41 42 43 44 45 46 47 48
tgc/T1E/-3 3/1 2 3 4 5 6 7 8 9 10 11 12 13 14 15 16 17 18 19 20 21 22 23 24 25 26 27 28 29 30 31 32 33 34 35 36 37 38 39 40 41 42 43 44 45 46 47 48
tgc/T1E/-4 4/1 2 3 4 5 6 7 8 9 10 11 12 13 14 15 16 17 18 19 20 21 22 23 24 25 26 27 28 29 30 31 32 33 34 35 36 37 38 39 40 41 42 43 44 45 46 47 48
tgc/T2F/-1 1/1 2 3 4 5 6 7 8 9 10 11 12 13 14 15 16 17 18 19 20 21 22 23 24
tgc/T2F/-1 1/1 2 3 4 5 6 7 8 9 10 11 12 13 14 15 16 17 18 19 20 21 22 23 24
tgc/T2E/-1 1/1 2 3 4 5 6 7 8 9 10 11 12 13 14 15 16 17 18 19 20 21 22 23 24 25 26 27 28 29 30 31 32 33 34 35 36 37 38 39 40 41 42 43 44 45 46 47 48
tgc/T2E/-2 2/1 2 3 4 5 6 7 8 9 10 11 12 13 14 15 16 17 18 19 20 21 22 23 24 25 26 27 28 29 30 31 32 33 34 35 36 37 38 39 40 41 42 43 44 45 46 47 48
tgc/T2E/-3 3/1 2 3 4 5 6 7 8 9 10 11 12 13 14 15 16 17 18 19 20 21 22 23 24 25 26 27 28 29 30 31 32 33 34 35 36 37 38 39 40 41 42 43 44 45 46 47 48
tgc/T2E/-4 4/1 2 3 4 5 6 7 8 9 10 11 12 13 14 15 16 17 18 19 20 21 22 23 24 25 26 27 28 29 30 31 32 33 34 35 36 37 38 39 40 41 42 43 44 45 46 47 48
tgc/T2E/-5 5/1 2 3 4 5 6 7 8 9 10 11 12 13 14 15 16 17 18 19 20 21 22 23 24 25 26 27 28 29 30 31 32 33 34 35 36 37 38 39 40 41 42 43 44 45 46 47 48
tgc/T2E/-1 1/1 2 3 4 5 6 7 8 9 10 11 12 13 14 15 16 17 18 19 20 21 22 23 24 25 26 27 28 29 30 31 32 33 34 35 36 37 38 39 40 41 42 43 44 45 46 47 48
tgc/T2E/-2 2/1 2 3 4 5 6 7 8 9 10 11 12 13 14 15 16 17 18 19 20 21 22 23 24 25 26 27 28 29 30 31 32 33 34 35 36 37 38 39 40 41 42 43 44 45 46 47 48
tgc/T2E/-3 3/1 2 3 4 5 6 7 8 9 10 11 12 13 14 15 16 17 18 19 20 21 22 23 24 25 26 27 28 29 30 31 32 33 34 35 36 37 38 39 40 41 42 43 44 45 46 47 48
tgc/T2E/-4 4/1 2 3 4 5 6 7 8 9 10 11 12 13 14 15 16 17 18 19 20 21 22 23 24 25 26 27 28 29 30 31 32 33 34 35 36 37 38 39 40 41 42 43 44 45 46 47 48
tgc/T2E/-5 5/1 2 3 4 5 6 7 8 9 10 11 12 13 14 15 16 17 18 19 20 21 22 23 24 25 26 27 28 29 30 31 32 33 34 35 36 37 38 39 40 41 42 43 44 45 46 47 48
tgc/T3F/-1 1/1 2 3 4 5 6 7 8 9 10 11 12 13 14 15 16 17 18 19 20 21 22 23 24
tgc/T3F/-1 1/1 2 3 4 5 6 7 8 9 10 11 12 13 14 15 16 17 18 19 20 21 22 23 24
tgc/T3E/-1 1/1 2 3 4 5 6 7 8 9 10 11 12 13 14 15 16 17 18 19 20 21 22 23 24 25 26 27 28 29 30 31 32 33 34 35 36 37 38 39 40 41 42 43 44 45 46 47 48
tgc/T3E/-2 2/1 2 3 4 5 6 7 8 9 10 11 12 13 14 15 16 17 18 19 20 21 22 23 24 25 26 27 28 29 30 31 32 33 34 35 36 37 38 39 40 41 42 43 44 45 46 47 48
tgc/T3E/-3 3/1 2 3 4 5 6 7 8 9 10 11 12 13 14 15 16 17 18 19 20 21 22 23 24 25 26 27 28 29 30 31 32 33 34 35 36 37 38 39 40 41 42 43 44 45 46 47 48
tgc/T3E/-4 4/1 2 3 4 5 6 7 8 9 10 11 12 13 14 15 16 17 18 19 20 21 22 23 24 25 26 27 28 29 30 31 32 33 34 35 36 37 38 39 40 41 42 43 44 45 46 47 48
tgc/T3E/-5 5/1 2 3 4 5 6 7 8 9 10 11 12 13 14 15 16 17 18 19 20 21 22 23 24 25 26 27 28 29 30 31 32 33 34 35 36 37 38 39 40 41 42 43 44 45 46 47 48
tgc/T3E/-1 1/1 2 3 4 5 6 7 8 9 10 11 12 13 14 15 16 17 18 19 20 21 22 23 24 25 26 27 28 29 30 31 32 33 34 35 36 37 38 39 40 41 42 43 44 45 46 47 48
tgc/T3E/-2 2/1 2 3 4 5 6 7 8 9 10 11 12 13 14 15 16 17 18 19 20 21 22 23 24 25 26 27 28 29 30 31 32 33 34 35 36 37 38 39 40 41 42 43 44 45 46 47 48
tgc/T3E/-3 3/1 2 3 4 5 6 7 8 9 10 11 12 13 14 15 16 17 18 19 20 21 22 23 24 25 26 27 28 29 30 31 32 33 34 35 36 37 38 39 40 41 42 43 44 45 46 47 48
tgc/T3E/-4 4/1 2 3 4 5 6 7 8 9 10 11 12 13 14 15 16 17 18 19 20 21 22 23 24 25 26 27 28 29 30 31 32 33 34 35 36 37 38 39 40 41 42 43 44 45 46 47 48
tgc/T3E/-5 5/1 2 3 4 5 6 7 8 9 10 11 12 13 14 15 16 17 18 19 20 21 22 23 24 25 26 27 28 29 30 31 32 33 34 35 36 37 38 39 40 41 42 43 44 45 46 47 48
tgc/T4F/-1 1/1 2 3 4 5 6 7 8 9 10 11 12 13 14 15 16 17 18 19 20 21 22 23 24
tgc/T4F/-1 1/1 2 3 4 5 6 7 8 9 10 11 12 13 14 15 16 17 18 19 20 21 22 23 24
tgc/T4E/-1 1/1 2 3 4 5 6 7 8 9 10 11 12 13 14 15 16 17 18 19 20 21
tgc/T4E/-1 1/1 2 3 4 5 6 7 8 9 10 11 12 13 14 15 16 17 18 19 20 21
